[    0.000000] Linux version 4.15.0-193-generic (buildd@lcy02-amd64-022) (gcc version 7.5.0 (Ubuntu 7.5.0-3ubuntu1~18.04)) #204-Ubuntu SMP Fri Aug 26 19:20:21 UTC 2022 (Ubuntu 4.15.0-193.204-generic 4.15.18)
[    0.000000] Command line: BOOT_IMAGE=/boot/vmlinuz-4.15.0-193-generic root=LABEL=cloudimg-rootfs ro console=tty1 console=ttyS0
[    0.000000] KERNEL supported cpus:
[    0.000000]   Intel GenuineIntel
[    0.000000]   AMD AuthenticAMD
[    0.000000]   Centaur CentaurHauls
[    0.000000] x86/fpu: Supporting XSAVE feature 0x001: 'x87 floating point registers'
[    0.000000] x86/fpu: Supporting XSAVE feature 0x002: 'SSE registers'
[    0.000000] x86/fpu: Supporting XSAVE feature 0x004: 'AVX registers'
[    0.000000] x86/fpu: xstate_offset[2]:  576, xstate_sizes[2]:  256
[    0.000000] x86/fpu: Enabled xstate features 0x7, context size is 832 bytes, using 'standard' format.
[    0.000000] e820: BIOS-provided physical RAM map:
[    0.000000] BIOS-e820: [mem 0x0000000000000000-0x000000000009fbff] usable
[    0.000000] BIOS-e820: [mem 0x000000000009fc00-0x000000000009ffff] reserved
[    0.000000] BIOS-e820: [mem 0x00000000000f0000-0x00000000000fffff] reserved
[    0.000000] BIOS-e820: [mem 0x0000000000100000-0x000000003ffeffff] usable
[    0.000000] BIOS-e820: [mem 0x000000003fff0000-0x000000003fffffff] ACPI data
[    0.000000] BIOS-e820: [mem 0x00000000fec00000-0x00000000fec00fff] reserved
[    0.000000] BIOS-e820: [mem 0x00000000fee00000-0x00000000fee00fff] reserved
[    0.000000] BIOS-e820: [mem 0x00000000fffc0000-0x00000000ffffffff] reserved
[    0.000000] NX (Execute Disable) protection: active
[    0.000000] SMBIOS 2.5 present.
[    0.000000] DMI: innotek GmbH VirtualBox/VirtualBox, BIOS VirtualBox 12/01/2006
[    0.000000] Hypervisor detected: KVM
[    0.000000] e820: last_pfn = 0x3fff0 max_arch_pfn = 0x400000000
[    0.000000] MTRR: Disabled
[    0.000000] x86/PAT: MTRRs disabled, skipping PAT initialization too.
[    0.000000] CPU MTRRs all blank - virtualized system.
[    0.000000] x86/PAT: Configuration [0-7]: WB  WT  UC- UC  WB  WT  UC- UC  
[    0.000000] found SMP MP-table at [mem 0x0009fff0-0x0009ffff]
[    0.000000] Scanning 1 areas for low memory corruption
[    0.000000] RAMDISK: [mem 0x359cb000-0x36cdcfff]
[    0.000000] ACPI: Early table checksum verification disabled
[    0.000000] ACPI: RSDP 0x00000000000E0000 000024 (v02 VBOX  )
[    0.000000] ACPI: XSDT 0x000000003FFF0030 00003C (v01 VBOX   VBOXXSDT 00000001 ASL  00000061)
[    0.000000] ACPI: FACP 0x000000003FFF00F0 0000F4 (v04 VBOX   VBOXFACP 00000001 ASL  00000061)
[    0.000000] ACPI: DSDT 0x000000003FFF0470 002325 (v02 VBOX   VBOXBIOS 00000002 INTL 20190509)
[    0.000000] ACPI: FACS 0x000000003FFF0200 000040
[    0.000000] ACPI: FACS 0x000000003FFF0200 000040
[    0.000000] ACPI: APIC 0x000000003FFF0240 000054 (v02 VBOX   VBOXAPIC 00000001 ASL  00000061)
[    0.000000] ACPI: SSDT 0x000000003FFF02A0 0001CC (v01 VBOX   VBOXCPUT 00000002 INTL 20190509)
[    0.000000] ACPI: Reserving FACP table memory at [mem 0x3fff00f0-0x3fff01e3]
[    0.000000] ACPI: Reserving DSDT table memory at [mem 0x3fff0470-0x3fff2794]
[    0.000000] ACPI: Reserving FACS table memory at [mem 0x3fff0200-0x3fff023f]
[    0.000000] ACPI: Reserving FACS table memory at [mem 0x3fff0200-0x3fff023f]
[    0.000000] ACPI: Reserving APIC table memory at [mem 0x3fff0240-0x3fff0293]
[    0.000000] ACPI: Reserving SSDT table memory at [mem 0x3fff02a0-0x3fff046b]
[    0.000000] No NUMA configuration found
[    0.000000] Faking a node at [mem 0x0000000000000000-0x000000003ffeffff]
[    0.000000] NODE_DATA(0) allocated [mem 0x3ffc5000-0x3ffeffff]
[    0.000000] kvm-clock: cpu 0, msr 0:3ff44001, primary cpu clock
[    0.000000] kvm-clock: Using msrs 4b564d01 and 4b564d00
[    0.000000] kvm-clock: using sched offset of 3519553187 cycles
[    0.000000] clocksource: kvm-clock: mask: 0xffffffffffffffff max_cycles: 0x1cd42e4dffb, max_idle_ns: 881590591483 ns
[    0.000000] Zone ranges:
[    0.000000]   DMA      [mem 0x0000000000001000-0x0000000000ffffff]
[    0.000000]   DMA32    [mem 0x0000000001000000-0x000000003ffeffff]
[    0.000000]   Normal   empty
[    0.000000]   Device   empty
[    0.000000] Movable zone start for each node
[    0.000000] Early memory node ranges
[    0.000000]   node   0: [mem 0x0000000000001000-0x000000000009efff]
[    0.000000]   node   0: [mem 0x0000000000100000-0x000000003ffeffff]
[    0.000000] Reserved but unavailable: 104 pages
[    0.000000] Initmem setup node 0 [mem 0x0000000000001000-0x000000003ffeffff]
[    0.000000] ACPI: PM-Timer IO Port: 0x4008
[    0.000000] IOAPIC[0]: apic_id 1, version 32, address 0xfec00000, GSI 0-23
[    0.000000] ACPI: INT_SRC_OVR (bus 0 bus_irq 0 global_irq 2 dfl dfl)
[    0.000000] ACPI: INT_SRC_OVR (bus 0 bus_irq 9 global_irq 9 low level)
[    0.000000] Using ACPI (MADT) for SMP configuration information
[    0.000000] smpboot: Allowing 1 CPUs, 0 hotplug CPUs
[    0.000000] PM: Registered nosave memory: [mem 0x00000000-0x00000fff]
[    0.000000] PM: Registered nosave memory: [mem 0x0009f000-0x0009ffff]
[    0.000000] PM: Registered nosave memory: [mem 0x000a0000-0x000effff]
[    0.000000] PM: Registered nosave memory: [mem 0x000f0000-0x000fffff]
[    0.000000] e820: [mem 0x40000000-0xfebfffff] available for PCI devices
[    0.000000] Booting paravirtualized kernel on KVM
[    0.000000] clocksource: refined-jiffies: mask: 0xffffffff max_cycles: 0xffffffff, max_idle_ns: 7645519600211568 ns
[    0.000000] random: get_random_bytes called from start_kernel+0x99/0x500 with crng_init=0
[    0.000000] setup_percpu: NR_CPUS:8192 nr_cpumask_bits:1 nr_cpu_ids:1 nr_node_ids:1
[    0.000000] percpu: Embedded 50 pages/cpu s167936 r8192 d28672 u2097152
[    0.000000] PV qspinlock hash table entries: 256 (order: 0, 4096 bytes)
[    0.000000] Built 1 zonelists, mobility grouping on.  Total pages: 257913
[    0.000000] Policy zone: DMA32
[    0.000000] Kernel command line: BOOT_IMAGE=/boot/vmlinuz-4.15.0-193-generic root=LABEL=cloudimg-rootfs ro console=tty1 console=ttyS0
[    0.000000] Memory: 982848K/1048120K available (12300K kernel code, 2484K rwdata, 4324K rodata, 2468K init, 2724K bss, 65272K reserved, 0K cma-reserved)
[    0.000000] SLUB: HWalign=64, Order=0-3, MinObjects=0, CPUs=1, Nodes=1
[    0.000000] Kernel/User page tables isolation: enabled
[    0.000000] ftrace: allocating 39483 entries in 155 pages
[    0.004000] Hierarchical RCU implementation.
[    0.004000] 	RCU restricting CPUs from NR_CPUS=8192 to nr_cpu_ids=1.
[    0.004000] 	Tasks RCU enabled.
[    0.004000] RCU: Adjusting geometry for rcu_fanout_leaf=16, nr_cpu_ids=1
[    0.004000] NR_IRQS: 524544, nr_irqs: 256, preallocated irqs: 16
[    0.004000] Console: colour VGA+ 80x25
[    0.004000] console [tty1] enabled
[    0.004000] console [ttyS0] enabled
[    0.004000] ACPI: Core revision 20170831
[    0.004000] ACPI: 2 ACPI AML tables successfully acquired and loaded
[    0.004000] APIC: Switch to symmetric I/O mode setup
[    0.004000] x2apic enabled
[    0.004000] Switched APIC routing to physical x2apic.
[    0.004000] ..TIMER: vector=0x30 apic1=0 pin1=2 apic2=-1 pin2=-1
[    0.004030] tsc: Detected 2495.980 MHz processor
[    0.008013] Calibrating delay loop (skipped) preset value.. 4991.96 BogoMIPS (lpj=9983920)
[    0.010088] pid_max: default: 32768 minimum: 301
[    0.011302] Security Framework initialized
[    0.012003] Yama: becoming mindful.
[    0.012942] AppArmor: AppArmor initialized
[    0.014810] Dentry cache hash table entries: 131072 (order: 8, 1048576 bytes)
[    0.016090] Inode-cache hash table entries: 65536 (order: 7, 524288 bytes)
[    0.017851] Mount-cache hash table entries: 2048 (order: 2, 16384 bytes)
[    0.020005] Mountpoint-cache hash table entries: 2048 (order: 2, 16384 bytes)
[    0.022055] process: using mwait in idle threads
[    0.023250] Last level iTLB entries: 4KB 64, 2MB 8, 4MB 8
[    0.024002] Last level dTLB entries: 4KB 64, 2MB 0, 4MB 0, 1GB 4
[    0.025664] Spectre V1 : Mitigation: usercopy/swapgs barriers and __user pointer sanitization
[    0.028005] Spectre V2 : Mitigation: Retpolines
[    0.029260] Spectre V2 : Spectre v2 / SpectreRSB mitigation: Filling RSB on context switch
[    0.032002] Speculative Store Bypass: Vulnerable
[    0.033308] MDS: Mitigation: Clear CPU buffers
[    0.034483] MMIO Stale Data: Mitigation: Clear CPU buffers
[    0.036004] SRBDS: Unknown: Dependent on hypervisor status
[    0.055615] Freeing SMP alternatives memory: 36K
[    0.168000] APIC calibration not consistent with PM-Timer: 98ms instead of 100ms
[    0.168000] APIC delta adjusted to PM-Timer: 6250272 (6155144)
[    0.168063] smpboot: CPU0: Intel(R) Core(TM) i5-6300U CPU @ 2.40GHz (family: 0x6, model: 0x4e, stepping: 0x3)
[    0.170582] Performance Events: unsupported p6 CPU model 78 no PMU driver, software events only.
[    0.172037] Hierarchical SRCU implementation.
[    0.173904] NMI watchdog: Perf event create on CPU 0 failed with -2
[    0.175462] NMI watchdog: Perf NMI watchdog permanently disabled
[    0.176041] smp: Bringing up secondary CPUs ...
[    0.177197] smp: Brought up 1 node, 1 CPU
[    0.178241] smpboot: Max logical packages: 1
[    0.180003] smpboot: Total of 1 processors activated (4991.96 BogoMIPS)
[    0.181748] devtmpfs: initialized
[    0.182727] x86/mm: Memory block size: 128MB
[    0.184181] evm: security.selinux
[    0.185098] evm: security.SMACK64
[    0.185976] evm: security.SMACK64EXEC
[    0.186930] evm: security.SMACK64TRANSMUTE
[    0.188003] evm: security.SMACK64MMAP
[    0.188953] evm: security.apparmor
[    0.189865] evm: security.ima
[    0.190688] evm: security.capability
[    0.192115] clocksource: jiffies: mask: 0xffffffff max_cycles: 0xffffffff, max_idle_ns: 7645041785100000 ns
[    0.194639] futex hash table entries: 256 (order: 2, 16384 bytes)
[    0.196048] pinctrl core: initialized pinctrl subsystem
[    0.197580] RTC time: 17:46:20, date: 10/08/22
[    0.198916] NET: Registered protocol family 16
[    0.200089] audit: initializing netlink subsys (disabled)
[    0.201691] cpuidle: using governor ladder
[    0.202838] cpuidle: using governor menu
[    0.204045] ACPI: bus type PCI registered
[    0.205170] acpiphp: ACPI Hot Plug PCI Controller Driver version: 0.5
[    0.206982] PCI: Using configuration type 1 for base access
[    0.208035] audit: type=2000 audit(1665251185.963:1): state=initialized audit_enabled=0 res=1
[    0.213347] HugeTLB registered 2.00 MiB page size, pre-allocated 0 pages
[    0.216904] ACPI: Added _OSI(Module Device)
[    0.220013] ACPI: Added _OSI(Processor Device)
[    0.221358] ACPI: Added _OSI(3.0 _SCP Extensions)
[    0.224011] ACPI: Added _OSI(Processor Aggregator Device)
[    0.225904] ACPI: Added _OSI(Linux-Dell-Video)
[    0.228033] ACPI: Added _OSI(Linux-Lenovo-NV-HDMI-Audio)
[    0.229594] ACPI: Added _OSI(Linux-HPI-Hybrid-Graphics)
[    0.232408] ACPI: Executed 1 blocks of module-level executable AML code
[    0.238537] ACPI: Interpreter enabled
[    0.240018] ACPI: (supports S0 S5)
[    0.241354] ACPI: Using IOAPIC for interrupt routing
[    0.243202] PCI: Using host bridge windows from ACPI; if necessary, use "pci=nocrs" and report a bug
[    0.244230] ACPI: Enabled 2 GPEs in block 00 to 07
[    0.255355] ACPI: PCI Root Bridge [PCI0] (domain 0000 [bus 00-ff])
[    0.256008] acpi PNP0A03:00: _OSC: OS supports [ASPM ClockPM Segments MSI]
[    0.258575] acpi PNP0A03:00: _OSC: not requesting OS control; OS requires [ExtendedConfig ASPM ClockPM MSI]
[    0.260015] acpi PNP0A03:00: fail to add MMCONFIG information, can't access extended PCI configuration space under this bridge.
[    0.264463] PCI host bridge to bus 0000:00
[    0.266442] pci_bus 0000:00: root bus resource [io  0x0000-0x0cf7 window]
[    0.268003] pci_bus 0000:00: root bus resource [io  0x0d00-0xffff window]
[    0.269662] pci_bus 0000:00: root bus resource [mem 0x000a0000-0x000bffff window]
[    0.272003] pci_bus 0000:00: root bus resource [mem 0x40000000-0xfdffffff window]
[    0.273903] pci_bus 0000:00: root bus resource [bus 00-ff]
[    0.278091] pci 0000:00:01.1: legacy IDE quirk: reg 0x10: [io  0x01f0-0x01f7]
[    0.279987] pci 0000:00:01.1: legacy IDE quirk: reg 0x14: [io  0x03f6]
[    0.280003] pci 0000:00:01.1: legacy IDE quirk: reg 0x18: [io  0x0170-0x0177]
[    0.281907] pci 0000:00:01.1: legacy IDE quirk: reg 0x1c: [io  0x0376]
[    0.300993] pci 0000:00:07.0: quirk: [io  0x4000-0x403f] claimed by PIIX4 ACPI
[    0.303153] pci 0000:00:07.0: quirk: [io  0x4100-0x410f] claimed by PIIX4 SMB
[    0.314229] ACPI: PCI Interrupt Link [LNKA] (IRQs 5 9 10 *11)
[    0.316197] ACPI: PCI Interrupt Link [LNKB] (IRQs 5 9 *10 11)
[    0.317910] ACPI: PCI Interrupt Link [LNKC] (IRQs 5 *9 10 11)
[    0.320135] ACPI: PCI Interrupt Link [LNKD] (IRQs 5 9 10 *11)
[    0.322357] SCSI subsystem initialized
[    0.324000] pci 0000:00:02.0: vgaarb: setting as boot VGA device
[    0.324000] pci 0000:00:02.0: vgaarb: VGA device added: decodes=io+mem,owns=io+mem,locks=none
[    0.324005] pci 0000:00:02.0: vgaarb: bridge control possible
[    0.325571] vgaarb: loaded
[    0.326418] ACPI: bus type USB registered
[    0.328026] usbcore: registered new interface driver usbfs
[    0.329541] usbcore: registered new interface driver hub
[    0.331017] usbcore: registered new device driver usb
[    0.332056] EDAC MC: Ver: 3.0.0
[    0.333294] PCI: Using ACPI for IRQ routing
[    0.336256] NetLabel: Initializing
[    0.337246] NetLabel:  domain hash size = 128
[    0.338473] NetLabel:  protocols = UNLABELED CIPSOv4 CALIPSO
[    0.340000] NetLabel:  unlabeled traffic allowed by default
[    0.340130] clocksource: Switched to clocksource kvm-clock
[    0.354053] VFS: Disk quotas dquot_6.6.0
[    0.355340] VFS: Dquot-cache hash table entries: 512 (order 0, 4096 bytes)
[    0.357330] AppArmor: AppArmor Filesystem Enabled
[    0.358677] pnp: PnP ACPI init
[    0.360816] pnp: PnP ACPI: found 3 devices
[    0.367624] clocksource: acpi_pm: mask: 0xffffff max_cycles: 0xffffff, max_idle_ns: 2085701024 ns
[    0.370162] NET: Registered protocol family 2
[    0.371448] IP idents hash table entries: 16384 (order: 5, 131072 bytes)
[    0.373698] TCP established hash table entries: 8192 (order: 4, 65536 bytes)
[    0.375601] TCP bind hash table entries: 8192 (order: 5, 131072 bytes)
[    0.377709] TCP: Hash tables configured (established 8192 bind 8192)
[    0.379664] UDP hash table entries: 512 (order: 2, 16384 bytes)
[    0.386526] UDP-Lite hash table entries: 512 (order: 2, 16384 bytes)
[    0.388309] NET: Registered protocol family 1
[    0.389604] pci 0000:00:00.0: Limiting direct PCI/PCI transfers
[    0.391157] pci 0000:00:01.0: Activating ISA DMA hang workarounds
[    0.392763] pci 0000:00:02.0: Video device with shadowed ROM at [mem 0x000c0000-0x000dffff]
[    0.394983] Unpacking initramfs...
[    0.690128] Freeing initrd memory: 19528K
[    0.701033] clocksource: tsc: mask: 0xffffffffffffffff max_cycles: 0x23fa6436d23, max_idle_ns: 440795261869 ns
[    0.704260] platform rtc_cmos: registered platform RTC device (no PNP device found)
[    0.706530] Scanning for low memory corruption every 60 seconds
[    0.708922] Initialise system trusted keyrings
[    0.710232] Key type blacklist registered
[    0.711483] workingset: timestamp_bits=36 max_order=18 bucket_order=0
[    0.714937] zbud: loaded
[    0.716577] squashfs: version 4.0 (2009/01/31) Phillip Lougher
[    0.718487] fuse init (API version 7.26)
[    0.720805] Key type asymmetric registered
[    0.722022] Asymmetric key parser 'x509' registered
[    0.723485] Block layer SCSI generic (bsg) driver version 0.4 loaded (major 246)
[    0.725828] io scheduler noop registered
[    0.727014] io scheduler deadline registered
[    0.728318] io scheduler cfq registered (default)
[    0.730079] ACPI: AC Adapter [AC] (on-line)
[    0.731440] input: Power Button as /devices/LNXSYSTM:00/LNXPWRBN:00/input/input0
[    0.733874] ACPI: Power Button [PWRF]
[    0.735144] input: Sleep Button as /devices/LNXSYSTM:00/LNXSLPBN:00/input/input1
[    0.737521] ACPI: Sleep Button [SLPF]
[    0.740245] ACPI: Battery Slot [BAT0] (battery present)
[    0.742040] Serial: 8250/16550 driver, 32 ports, IRQ sharing enabled
[    0.765133] 00:02: ttyS0 at I/O 0x3f8 (irq = 4, base_baud = 115200) is a 16550A
[    0.768643] Linux agpgart interface v0.103
[    0.770712] loop: module loaded
[    0.772176] scsi host0: ata_piix
[    0.773169] scsi host1: ata_piix
[    0.774080] ata1: PATA max UDMA/33 cmd 0x1f0 ctl 0x3f6 bmdma 0xd000 irq 14
[    0.775820] ata2: PATA max UDMA/33 cmd 0x170 ctl 0x376 bmdma 0xd008 irq 15
[    0.778048] tun: Universal TUN/TAP device driver, 1.6
[    0.779352] PPP generic driver version 2.4.2
[    0.781756] ehci_hcd: USB 2.0 'Enhanced' Host Controller (EHCI) Driver
[    0.784212] ehci-pci: EHCI PCI platform driver
[    0.785366] ehci-platform: EHCI generic platform driver
[    0.786717] ohci_hcd: USB 1.1 'Open' Host Controller (OHCI) Driver
[    0.788287] ohci-pci: OHCI PCI platform driver
[    0.789474] ohci-platform: OHCI generic platform driver
[    0.790816] uhci_hcd: USB Universal Host Controller Interface driver
[    0.792483] i8042: PNP: PS/2 Controller [PNP0303:PS2K,PNP0f03:PS2M] at 0x60,0x64 irq 1,12
[    0.795035] serio: i8042 KBD port at 0x60,0x64 irq 1
[    0.796374] serio: i8042 AUX port at 0x60,0x64 irq 12
[    0.797725] mousedev: PS/2 mouse device common for all mice
[    0.799359] input: AT Translated Set 2 keyboard as /devices/platform/i8042/serio0/input/input2
[    0.801971] rtc_cmos rtc_cmos: rtc core: registered rtc_cmos as rtc0
[    0.803603] rtc_cmos rtc_cmos: alarms up to one day, 114 bytes nvram
[    0.805223] i2c /dev entries driver
[    0.806208] device-mapper: uevent: version 1.0.3
[    0.807492] device-mapper: ioctl: 4.37.0-ioctl (2017-09-20) initialised: dm-devel@redhat.com
[    0.809655] ledtrig-cpu: registered to indicate activity on CPUs
[    0.811256] intel_pmc_core:  initialized
[    0.812577] NET: Registered protocol family 10
[    0.817124] Segment Routing with IPv6
[    0.818114] NET: Registered protocol family 17
[    0.819299] Key type dns_resolver registered
[    0.820544] mce: Using 0 MCE banks
[    0.821454] RAS: Correctable Errors collector initialized.
[    0.822847] sched_clock: Marking stable (820420536, 0)->(1082444859, -262024323)
[    0.824932] registered taskstats version 1
[    0.825997] Loading compiled-in X.509 certificates
[    0.829394] Loaded X.509 cert 'Build time autogenerated kernel key: b9e621348ccbcfe28d0c51e4c3b595dc856bdd44'
[    0.832427] Loaded X.509 cert 'Canonical Ltd. Live Patch Signing: 14df34d1a87cf37625abec039ef2bf521249b969'
[    0.835501] Loaded X.509 cert 'Canonical Ltd. Kernel Module Signing: 88f752e560a1e0737e31163a466ad7b70a850c19'
[    0.838009] blacklist: Loading compiled-in revocation X.509 certificates
[    0.839694] Loaded X.509 cert 'Canonical Ltd. Secure Boot Signing: 61482aa2830d0ab2ad5af10b7250da9033ddcef0'
[    0.842205] zswap: loaded using pool lzo/zbud
[    0.846347] Key type big_key registered
[    0.847426] Key type trusted registered
[    0.849950] Key type encrypted registered
[    0.851011] AppArmor: AppArmor sha1 policy hashing enabled
[    0.852478] ima: No TPM chip found, activating TPM-bypass! (rc=-19)
[    0.854053] ima: Allocated hash algorithm: sha1
[    0.855228] evm: HMAC attrs: 0x1
[    0.856462]   Magic number: 10:664:794
[    0.857521] rtc_cmos rtc_cmos: setting system clock to 2022-10-08 17:46:21 UTC (1665251181)
[    0.859718] BIOS EDD facility v0.16 2004-Jun-25, 0 devices found
[    0.861257] EDD information not available.
[    0.971161] Freeing unused kernel image memory: 2468K
[    0.980118] Write protecting the kernel read-only data: 20480k
[    0.985077] Freeing unused kernel image memory: 2008K
[    0.995509] Freeing unused kernel image memory: 1820K
[    1.015620] x86/mm: Checked W+X mappings: passed, no W+X pages found.
[    1.018242] x86/mm: Checking user space page tables
[    1.035174] x86/mm: Checked W+X mappings: passed, no W+X pages found.
Loading, please wait...
starting version 237
[    1.163332] e1000: Intel(R) PRO/1000 Network Driver - version 7.3.21-k8-NAPI
[    1.165352] e1000: Copyright (c) 1999-2006 Intel Corporation.
[    1.171602] Fusion MPT base driver 3.04.20
[    1.172816] Copyright (c) 1999-2008 LSI Corporation
[    1.186738] Fusion MPT SPI Host driver 3.04.20
[    1.226566] AVX2 version of gcm_enc/dec engaged.
[    1.227994] AES CTR mode by8 optimization enabled
[    1.385550] input: ImExPS/2 Generic Explorer Mouse as /devices/platform/i8042/serio1/input/input4
[    1.614212] e1000 0000:00:03.0 eth0: (PCI:33MHz:32-bit) 02:82:9c:d7:3d:6a
[    1.616314] e1000 0000:00:03.0 eth0: Intel(R) PRO/1000 Network Connection
[    1.619435] mptbase: ioc0: Initiating bringup
[    1.717588] ioc0: LSI53C1030 A0: Capabilities={Initiator}
[    1.974556] scsi host2: ioc0: LSI53C1030 A0, FwRev=00000000h, Ports=1, MaxQ=256, IRQ=20
[    2.152613] scsi 2:0:0:0: Direct-Access     VBOX     HARDDISK         1.0  PQ: 0 ANSI: 5
[    2.159841] scsi target2:0:0: Beginning Domain Validation
[    2.162862] random: fast init done
[    2.164513] scsi target2:0:0: Domain Validation skipping write tests
[    2.166557] scsi target2:0:0: Ending Domain Validation
[    2.168356] scsi target2:0:0: asynchronous
[    2.170166] scsi 2:0:1:0: Direct-Access     VBOX     HARDDISK         1.0  PQ: 0 ANSI: 5
[    2.175178] scsi target2:0:1: Beginning Domain Validation
[    2.178264] scsi target2:0:1: Domain Validation skipping write tests
[    2.181680] scsi target2:0:1: Ending Domain Validation
[    2.183449] scsi target2:0:1: asynchronous
[    2.189395] random: systemd-udevd: uninitialized urandom read (16 bytes read)
[    2.191534] random: systemd-udevd: uninitialized urandom read (16 bytes read)
[    2.194002] sd 2:0:0:0: Attached scsi generic sg0 type 0
[    2.195529] sd 2:0:0:0: [sda] 83886080 512-byte logical blocks: (42.9 GB/40.0 GiB)
[    2.198526] sd 2:0:1:0: [sdb] 20480 512-byte logical blocks: (10.5 MB/10.0 MiB)
[    2.200920] sd 2:0:1:0: [sdb] Write Protect is off
[    2.202953] sd 2:0:1:0: Attached scsi generic sg1 type 0
[    2.210011] sd 2:0:0:0: [sda] Write Protect is off
[    2.211487] sd 2:0:1:0: [sdb] Incomplete mode parameter data
[    2.213347] sd 2:0:1:0: [sdb] Assuming drive cache: write through
[    2.215561] sd 2:0:0:0: [sda] Incomplete mode parameter data
[    2.217574] sd 2:0:0:0: [sda] Assuming drive cache: write through
[    2.219844] random: systemd-udevd: uninitialized urandom read (16 bytes read)
[    2.232377]  sda: sda1
[    2.238894] sd 2:0:0:0: [sda] Attached SCSI disk
[    2.240721] sd 2:0:1:0: [sdb] Attached SCSI disk
[    2.606232] e1000 0000:00:08.0 eth1: (PCI:33MHz:32-bit) 08:00:27:60:07:1f
[    2.608039] e1000 0000:00:08.0 eth1: Intel(R) PRO/1000 Network Connection
[    2.611226] e1000 0000:00:08.0 enp0s8: renamed from eth1
[    2.614858] e1000 0000:00:03.0 enp0s3: renamed from eth0
Begin: Loading essential drivers ... [    4.204201] raid6: sse2x1   gen() 11093 MB/s
[    4.252047] raid6: sse2x1   xor()  7357 MB/s
[    4.315939] raid6: sse2x2   gen() 13446 MB/s
[    4.379956] raid6: sse2x2   xor()  8866 MB/s
[    4.444883] raid6: sse2x4   gen() 15652 MB/s
[    4.509515] raid6: sse2x4   xor()  8434 MB/s
[    4.556957] raid6: avx2x1   gen() 13485 MB/s
[    4.623742] raid6: avx2x1   xor() 14866 MB/s
[    4.688977] raid6: avx2x2   gen() 26001 MB/s
[    4.753817] raid6: avx2x2   xor() 16852 MB/s
[    4.816180] raid6: avx2x4   gen() 29034 MB/s
[    4.880911] raid6: avx2x4   xor() 18671 MB/s
[    4.882345] raid6: using algorithm avx2x4 gen() 29034 MB/s
[    4.883860] raid6: .... xor() 18671 MB/s, rmw enabled
[    4.885287] raid6: using avx2x2 recovery algorithm
[    4.888602] xor: automatically using best checksumming function   avx       
[    4.892129] async_tx: api initialized (async)
done.
Begin: Running /scripts/init-premount ... done.
Begin: Mounting root file system ... Begin: Running /scripts/local-top ... done.
Begin: Running /scripts/local-premount ... [    4.955936] Btrfs loaded, crc32c=crc32c-intel
Scanning for Btrfs filesystems
done.
Warning: fsck not present, so skipping root file system
[    4.995904] EXT4-fs (sda1): mounted filesystem with ordered data mode. Opts: (null)
done.
Begin: Running /scripts/local-bottom ... done.
Begin: Running /scripts/init-bottom ... done.
[    5.220925] ip_tables: (C) 2000-2006 Netfilter Core Team
[    5.233058] systemd[1]: systemd 237 running in system mode. (+PAM +AUDIT +SELINUX +IMA +APPARMOR +SMACK +SYSVINIT +UTMP +LIBCRYPTSETUP +GCRYPT +GNUTLS +ACL +XZ +LZ4 +SECCOMP +BLKID +ELFUTILS +KMOD -IDN2 +IDN -PCRE2 default-hierarchy=hybrid)
[    5.239087] systemd[1]: Detected virtualization oracle.
[    5.240620] systemd[1]: Detected architecture x86-64.

Welcome to [1mUbuntu 18.04.6 LTS[0m!

[    5.245742] systemd[1]: Set hostname to <ubuntu>.
[    5.250232] systemd[1]: Initializing machine ID from random generator.
[    5.252258] systemd[1]: Installed transient /etc/machine-id file.
[    5.564595] systemd[1]: Started Forward Password Requests to Wall Directory Watch.
[[0;32m  OK  [0m] Started Forward Password Requests to Wall Directory Watch.
[    5.568613] systemd[1]: Set up automount Arbitrary Executable File Formats File System Automount Point.
[[0;32m  OK  [0m] Set up automount Arbitrary Executab…rmats File System Automount Point.
[    5.573576] systemd[1]: Created slice User and Session Slice.
[[0;32m  OK  [0m] Created slice User and Session Slice.
[    5.575823] systemd[1]: Reached target Swap.
[[0;32m  OK  [0m] Reached target Swap.
[[0;32m  OK  [0m] Reached target System Time Synchronized.
[[0;32m  OK  [0m] Reached target User and Group Name Lookups.
[[0;32m  OK  [0m] Created slice System Slice.
[[0;32m  OK  [0m] Listening on Journal Socket (/dev/log).
[[0;32m  OK  [0m] Listening on udev Control Socket.
[[0;32m  OK  [0m] Reached target Slices.
[[0;32m  OK  [0m] Listening on /dev/initctl Compatibility Named Pipe.
[[0;32m  OK  [0m] Listening on Network Service Netlink Socket.
[[0;32m  OK  [0m] Listening on LVM2 metadata daemon socket.
[[0;32m  OK  [0m] Listening on Syslog Socket.
[[0;32m  OK  [0m] Listening on fsck to fsckd communication Socket.
[[0;32m  OK  [0m] Created slice system-serial\x2dgetty.slice.
[[0;32m  OK  [0m] Listening on Journal Socket.
         Starting File System Check on Root Device...
         Starting Load Kernel Modules...
         Starting Uncomplicated firewall...
         Mounting Kernel Debug File System...
         Mounting Huge Pages File System...
         Starting Create list of required st…ce nodes for the current kernel...
         Starting Set the console keyboard layout...
[    5.630359] Loading iSCSI transport class v2.0-870.
[[0;32m  OK  [0m] Listening on udev Kernel Socket.
         Starting udev Coldplug all Devices...
         Mounting POSIX Message Queue File System...
[[0;32m  OK  [0m] Listening on Device-mapper event daemon FIFOs.
         Starting Monitoring of LVM2 mirrors…ng dmeventd or progress polling...
[[0;32m  OK  [0m] Listening on LVM2 poll daemon socket.
[[0;32m  OK  [0m] Listening on Journal Audit Socket.
         Starting Journal Service...
[[0;32m  OK  [0m] Started Uncomplicated firewall.
[[0;32m  OK  [0m] Mounted Kernel Debug File System.
[[0;32m  OK  [0m] Mounted Huge Pages File System.
[[0;32m  OK  [0m] Started Create list of required sta…vice nodes for the current kernel.
[[0;32m  OK  [0m] Mounted POSIX Message Queue File System.
[[0;32m  OK  [0m] Started File System Check Daemon to report status.
         Starting Create Static Device Nodes in /dev...
[[0;32m  OK  [0m] Started File System Check on Root Device.
[    5.699545] iscsi: registered transport (tcp)
         Starting Remount Root and Kernel File Systems...
[[0;32m  OK  [0m] Started LVM2 metadata daemon.
[[0;32m  OK  [0m] Started Create Static Device Nodes in /dev.
[[0;32m  OK  [0m] Started udev Coldplug all Devices.
[[0;32m  OK  [0m] Started Journal Service.
[    5.838628] iscsi: registered transport (iser)
[[0;32m  OK  [0m] Started Load Kernel Modules.
         Mounting FUSE Control File System...
         Mounting Kernel Configuration File System...
         Starting Apply Kernel Variables...
[[    5.857791] EXT4-fs (sda1): re-mounted. Opts: (null)
[0;32m  OK  [0m] Mounted FUSE Control File System.
[[0;32m  OK  [0m] Started Remount Root and Kernel File Systems.
[[0;32m  OK  [0m] Mounted Kernel Configuration File System.
         Starting udev Kernel Device Manager...
         Starting Load/Save Random Seed...
         Starting Flush Journal to Persistent Storage...
[[0;32m  OK  [0m] Started Load/Save Random Seed.
[[0;32m  OK  [0m] Started Apply Kernel Variables.
[[0;32m  OK  [0m] Started Monitoring of LVM2 mirrors,…sing dmeventd or progress polling.
[[0;32m  OK  [0m] Started udev Kernel Device Manager.
[[0;32m  OK  [0m] Started Flush Journal to Persistent Storage.
[[0;32m  OK  [0m] Found device /dev/ttyS0.
[[0;32m  OK  [0m] Listening on Load/Save RF Kill Switch Status /dev/rfkill Watch.
[[0;32m  OK  [0m] Started Set the console keyboard layout.
[[0;32m  OK  [0m] Reached target Local File Systems (Pre).
[[0;32m  OK  [0m] Reached target Local File Systems.
         Starting AppArmor initialization...
         Starting Tell Plymouth To Write Out Runtime Data...
         Starting Create Volatile Files and Directories...
         Starting Commit a transient machine-id on disk...
         Starting ebtables ruleset management...
         Starting Set console font and keymap...
[[0;32m  OK  [0m] Started Dispatch Password Requests to Console Directory Watch.
[[0;32m  OK  [0m] Reached target Local Encrypted Volumes.
[[0;32m  OK  [0m] Started Tell Plymouth To Write Out Runtime Data.
[[0;32m  OK  [0m] Started Commit a transient machine-id on disk.
[[0;32m  OK  [0m] Started Create Volatile Files and Directories.
         Starting Update UTMP about System Boot/Shutdown...
[[0;32m  OK  [0m] Started Update UTMP about System Boot/Shutdown.
[[0;32m  OK  [0m] Started ebtables ruleset management.
[[0;32m  OK  [0m] Started Set console font and keymap.
[[0;32m  OK  [0m] Started AppArmor initialization.
         Starting Initial cloud-init job (pre-networking)...
         Starting Load AppArmor profiles managed internally by snapd...
[[0;32m  OK  [0m] Started Load AppArmor profiles managed internally by snapd.
[   13.277343] cloud-init[795]: Cloud-init v. 22.2-0ubuntu1~18.04.3 running 'init-local' at Sat, 08 Oct 2022 17:46:33 +0000. Up 12.80 seconds.
[[0;32m  OK  [0m] Started Initial cloud-init job (pre-networking).
[[0;32m  OK  [0m] Reached target Network (Pre).
         Starting Network Service...
[[0;32m  OK  [0m] Started Network Service.
         Starting Network Name Resolution...
         Starting Wait for Network to be Configured...
[[0;32m  OK  [0m] Started Network Name Resolution.
[[0;32m  OK  [0m] Reached target Network.
[[0;32m  OK  [0m] Reached target Host and Network Name Lookups.
[[0;32m  OK  [0m] Started Wait for Network to be Configured.
         Starting Initial cloud-init job (metadata service crawler)...
[   15.429483] cloud-init[904]: Cloud-init v. 22.2-0ubuntu1~18.04.3 running 'init' at Sat, 08 Oct 2022 17:46:35 +0000. Up 15.15 seconds.
[   15.433603] cloud-init[904]: ci-info: ++++++++++++++++++++++++++++++++++++++Net device info+++++++++++++++++++++++++++++++++++++++
[   15.438953] cloud-init[904]: ci-info: +--------+-------+----------------------------+---------------+--------+-------------------+
[   15.446252] cloud-init[904]: ci-info: | Device |   Up  |          Address           |      Mask     | Scope  |     Hw-Address    |
[   15.451853] cloud-init[904]: ci-info: +--------+-------+----------------------------+---------------+--------+-------------------+
[   15.453978] cloud-init[904]: ci-info: | enp0s3 |  True |         10.0.2.15          | 255.255.255.0 | global | 02:82:9c:d7:3d:6a |
[   15.459370] cloud-init[904]: ci-info: | enp0s3 |  True | fe80::82:9cff:fed7:3d6a/64 |       .       |  link  | 02:82:9c:d7:3d:6a |
[   15.465009] cloud-init[904]: ci-info: | enp0s8 | False |             .              |       .       |   .    | 08:00:27:60:07:1f |
[   15.467591] cloud-init[904]: ci-info: |   lo   |  True |         127.0.0.1          |   255.0.0.0   |  host  |         .         |
[   15.472366] cloud-init[904]: ci-info: |   lo   |  True |          ::1/128           |       .       |  host  |         .         |
[   15.476206] cloud-init[904]: ci-info: +--------+-------+----------------------------+---------------+--------+-------------------+
[   15.479423] cloud-init[904]: ci-info: ++++++++++++++++++++++++++++Route IPv4 info+++++++++++++++++++++++++++++
[   15.481314] cloud-init[904]: ci-info: +-------+-------------+----------+-----------------+-----------+-------+
[   15.484209] cloud-init[904]: ci-info: | Route | Destination | Gateway  |     Genmask     | Interface | Flags |
[   15.487667] cloud-init[904]: ci-info: +-------+-------------+----------+-----------------+-----------+-------+
[   15.494220] cloud-init[904]: ci-info: |   0   |   0.0.0.0   | 10.0.2.2 |     0.0.0.0     |   enp0s3  |   UG  |
[   15.496013] cloud-init[904]: ci-info: |   1   |   10.0.2.0  | 0.0.0.0  |  255.255.255.0  |   enp0s3  |   U   |
[   15.500216] cloud-init[904]: ci-info: |   2   |   10.0.2.2  | 0.0.0.0  | 255.255.255.255 |   enp0s3  |   UH  |
[   15.501785] cloud-init[904]: ci-info: +-------+-------------+----------+-----------------+-----------+-------+
[   15.505104] cloud-init[904]: ci-info: +++++++++++++++++++Route IPv6 info+++++++++++++++++++
[   15.509695] cloud-init[904]: ci-info: +-------+-------------+---------+-----------+-------+
[   15.514239] cloud-init[904]: ci-info: | Route | Destination | Gateway | Interface | Flags |
[   15.519561] cloud-init[904]: ci-info: +-------+-------------+---------+-----------+-------+
[   15.521467] cloud-init[904]: ci-info: |   1   |  fe80::/64  |    ::   |   enp0s3  |   U   |
[   15.524203] cloud-init[904]: ci-info: |   3   |    local    |    ::   |   enp0s3  |   U   |
[   15.529015] cloud-init[904]: ci-info: |   4   |   ff00::/8  |    ::   |   enp0s3  |   U   |
[   15.531299] cloud-init[904]: ci-info: +-------+-------------+---------+-----------+-------+
[   16.274973] cloud-init[904]: Generating public/private rsa key pair.
[   16.276529] cloud-init[904]: Your identification has been saved in /etc/ssh/ssh_host_rsa_key.
[   16.277909] cloud-init[904]: Your public key has been saved in /etc/ssh/ssh_host_rsa_key.pub.
[   16.296050] cloud-init[904]: The key fingerprint is:
[   16.296935] cloud-init[904]: SHA256:09tLlnHLBuGVZekGzWiHMugNwwL60kVa+z1wjunGD9Y root@ubuntu-bionic
[   16.298589] cloud-init[904]: The key's randomart image is:
[   16.299718] cloud-init[904]: +---[RSA 2048]----+
[   16.316448] cloud-init[904]: |     ..o. .   = +|
[   16.317185] cloud-init[904]: |    . +..= o = O |
[   16.318114] cloud-init[904]: |   . . oo.+.= *  |
[   16.318995] cloud-init[904]: |    o . .oBo o o |
[   16.320143] cloud-init[904]: |   . o  S+.++ o  |
[   16.324267] cloud-init[904]: |    .   o..o.* . |
[   16.325276] cloud-init[904]: |         *.E= +  |
[   16.326305] cloud-init[904]: |        o oo o   |
[   16.327319] cloud-init[904]: |           ..    |
[   16.332273] cloud-init[904]: +----[SHA256]-----+
[   16.333392] cloud-init[904]: Generating public/private dsa key pair.
[   16.335232] cloud-init[904]: Your identification has been saved in /etc/ssh/ssh_host_dsa_key.
[   16.340266] cloud-init[904]: Your public key has been saved in /etc/ssh/ssh_host_dsa_key.pub.
[   16.341700] cloud-init[904]: The key fingerprint is:
[   16.342774] cloud-init[904]: SHA256:SAukQ4E3bqxbI2V0tQ4Xc6JsLK980K939TOB3NJMsa0 root@ubuntu-bionic
[   16.360912] cloud-init[904]: The key's randomart image is:
[   16.362504] cloud-init[904]: +---[DSA 1024]----+
[   16.363783] cloud-init[904]: | .o...= .        |
[   16.364931] cloud-init[904]: |..+=.. *    .    |
[   16.366061] cloud-init[904]: | =+oB +      +   |
[   16.367050] cloud-init[904]: |  ** * o    o .  |
[   16.368167] cloud-init[904]: | =. o + S. * .   |
[   16.369262] cloud-init[904]: |o.oo .    = E    |
[   16.370383] cloud-init[904]: | +o.. .  . o .   |
[   16.371445] cloud-init[904]: |.  . .. .   +    |
[   16.372536] cloud-init[904]: |    .. .     o   |
[   16.373609] cloud-init[904]: +----[SHA256]-----+
[   16.374710] cloud-init[904]: Generating public/private ecdsa key pair.
[   16.376619] cloud-init[904]: Your identification has been saved in /etc/ssh/ssh_host_ecdsa_key.
[   16.380275] cloud-init[904]: Your public key has been saved in /etc/ssh/ssh_host_ecdsa_key.pub.
[   16.384263] cloud-init[904]: The key fingerprint is:
[   16.385471] cloud-init[904]: SHA256:3gauigz//RmYyZ9mL0UBLdcH73eNIn29aROnbHopwHY root@ubuntu-bionic
[   16.389451] cloud-init[904]: The key's randomart image is:
[[0;32m  OK  [0m] Started Initial cloud-init job (metadata service crawler).[   16.393103] cloud-init[904]: +---[ECDSA 256]---+
[   16.394231] cloud-init[904]: |        .o ...   |
[   16.395377] cloud-init[904]: 
[[0;32m  OK  [0m] Reached target System Initialization.
[[0;32m  OK  [0m] Started Message of the Day.
[[0;32m  OK  [0m] Started Discard unused blocks once a week.|        . + ...  |
[   16.400810] cloud-init[904]: |         o . ..  |
[   16.401947] cloud-init[904]: |          .. . o.|
[   16.403082] cloud-init[904]: |        So. o +.*|
         Starting LXD - unix socket.
[[0;32m  OK  [0m] Listening on Open-iSCSI iscsid Socket.
[[0;32m  OK  [0m] Started ACPI Events Check.
[[0;32m  OK  [0m] Started Ubuntu Advantage Timer for running repeated jobs.
         Starting Socket activation for snappy daemon.
[[0;32m  OK  [0m
[   16.419296] cloud-init[904]: |     . * o=.E+ o*|] Started Daily Cleanup of Temporary Directories.
[[0;32m  OK  [0m] Reached target Paths.

[   16.424380] cloud-init[904]: |.     = +ooo  +* |
[[0;32m  OK  [0m] Listening on D-Bus System Message Bus Socket.
[[0;32m  OK  [0m] Started Daily apt download activities.
[   16.429636] cloud-init[904]: | + . . o+=  .o+ .|
[[0;32m  OK  [0m] Started Daily apt upgrade and clean activities.
[[0;32m  OK  [0m] Listening on ACPID Listen Socket.
[   16.435403] cloud-init[904]: |  +.o.o+=o. .o   |[[0;32m  OK  [0m] Listening on UUID daemon activation socket.
[[0;32m  OK  [0m] Reached target Timers.
[[0;32m  OK  [0m] Listening on cloud-init hotplug hook socket.

[   16.441689] cloud-init[904]: +----[SHA256]-----+
[   16.442770] cloud-init[904]: Generating public/private ed25519 key pair.
[[0;32m  OK  [0m] Reached target Network is Online.
[[0;32m  OK  [0m] Reached target Remote File Systems (Pre).
[[0;32m  OK  [0m] Reached target Remote File Systems.
[   16.451269] cloud-init[904]: Your identification has been saved in /etc/ssh/ssh_host_ed25519_key.
         Starting Availability of block devices...
[   16.458416] cloud-init[904]: Your public key has been saved in /etc/ssh/ssh_host_ed25519_key.pub.
[[0;32m  OK  [0m] Reached target Cloud-config availability.
[[0;32m  OK  [0m] Listening on LXD - unix socket.
[[0;32m  OK  [0m] Listening on Socket activation for snappy daemon.
[   16.465777] cloud-init[904]: The key fingerprint is:
[[0;32m  OK  [0m] Started Availability of block devices.
[[0;32m  OK  [0m] Reached target Sockets.
[[0;32m  OK  [0m] Reached target Basic System.
[   16.470685] cloud-init[904]: SHA256:z+VL/VT7w4u1QVYWxSjTRGxmN7iEF6hpc3pRnf9qVCg root@ubuntu-bionic
         Starting LXD - container startup/shutdown...
[   16.478418] cloud-init[904]: The key's randomart image is:
[[0;32m  OK  [0m] Started irqbalance daemon.
[   16.486402] cloud-init[904]: +--[ED25519 256]--+
[   16.487729] cloud-init[904]: |            o**++|
[   16.490503] cloud-init[904]: |           oo=B++|
[   16.493755] cloud-init[904]: |          o +*.o=|
[   16.497551] cloud-init[904]: |         = oE...+|
[   16.500671] cloud-init[904]: |        S + o. +o|
[   16.503724] cloud-init[904]: |         + + .+ +|
[   16.506840] cloud-init[904]: |          + o.o=.|
[   16.510475] cloud-init[904]: |           . .==+|
[   16.514802] cloud-init[904]: |            .o o=|
[   16.517029] cloud-init[904]: +----[SHA256]-----+
[[0;32m  OK  [0m] Started Regular background program processing daemon.
[[0;32m  OK  [0m] Started FUSE filesystem for LXC.
         Starting Permit User Sessions...
         Starting Dispatcher daemon for systemd-networkd...
[[0;32m  OK  [0m] Started D-Bus System Message Bus.
         Starting Snap Daemon...
         Starting Virtualbox guest utils...
         Starting Login Service...
         Starting LSB: Record successful boot for GRUB...
[[0;32m  OK  [0m] Started Deferred execution scheduler.
         Starting System Logging Service...
         Starting Pollinate to seed the pseudo random number generator...
         Starting Accounts Service...
         Starting LSB: automatic crash report generation...
[[0;32m  OK  [0m] Started LXD - container startup/shutdown.
[[0;32m  OK  [0m] Started Permit User Sessions.
         Starting Terminate Plymouth Boot Screen...
         Starting Hold until boot process finishes up...
[[0;32m  OK  [0m] Started Terminate Plymouth Boot Screen.
[[0;32m  OK  [0m] Started Hold until boot process finishes up.
[[0;32m  OK  [0m] Started Serial Getty on ttyS0.
         Starting Set console scheme...
[[0;32m  OK  [0m] Started Login Service.
[[0;32m  OK  [0m] Started Unattended Upgrades Shutdown.
[[0;32m  OK  [0m] Started System Logging Service.
[[0;32m  OK  [0m] Started Set console scheme.
[[0;32m  OK  [0m] Created slice system-getty.slice.
[[0;32m  OK  [0m] Started Getty on tty1.
[[0;32m  OK  [0m] Reached target Login Prompts.
         Starting Authorization Manager...
[[0;32m  OK  [0m] Started LSB: automatic crash report generation.
[[0;32m  OK  [0m] Started Authorization Manager.
[[0;32m  OK  [0m] Started Accounts Service.
[[0;32m  OK  [0m] Started LSB: Record successful boot for GRUB.
[[0;32m  OK  [0m] Started Virtualbox guest utils.
[[0;32m  OK  [0m] Started Dispatcher daemon for systemd-networkd.
[[0;32m  OK  [0m] Started Snap Daemon.
         Starting Wait until snapd is fully seeded...
         Starting Time & Date Service...
[[0;32m  OK  [0m] Started Time & Date Service.
[[0;32m  OK  [0m] Started Pollinate to seed the pseudo random number generator.
         Starting OpenBSD Secure Shell server...
[[0;32m  OK  [0m] Started OpenBSD Secure Shell server.
[[0;32m  OK  [0m] Created slice User Slice of vagrant.
         Starting User Manager for UID 1000...
[[0;32m  OK  [0m] Started Session 1 of user vagrant.
[[0;32m  OK  [0m] Started User Manager for UID 1000.

Ubuntu 18.04.6 LTS ubuntu-bionic ttyS0

ubuntu-bionic login: [   23.971585] cloud-init[1439]: Cloud-init v. 22.2-0ubuntu1~18.04.3 running 'modules:config' at Sat, 08 Oct 2022 17:46:43 +0000. Up 23.16 seconds.
ci-info: no authorized SSH keys fingerprints found for user ubuntu.
<14>Oct  8 17:46:46 cloud-init: #############################################################
<14>Oct  8 17:46:46 cloud-init: -----BEGIN SSH HOST KEY FINGERPRINTS-----
<14>Oct  8 17:46:46 cloud-init: 1024 SHA256:SAukQ4E3bqxbI2V0tQ4Xc6JsLK980K939TOB3NJMsa0 root@ubuntu-bionic (DSA)
<14>Oct  8 17:46:46 cloud-init: 256 SHA256:3gauigz//RmYyZ9mL0UBLdcH73eNIn29aROnbHopwHY root@ubuntu-bionic (ECDSA)
<14>Oct  8 17:46:46 cloud-init: 256 SHA256:z+VL/VT7w4u1QVYWxSjTRGxmN7iEF6hpc3pRnf9qVCg root@ubuntu-bionic (ED25519)
<14>Oct  8 17:46:46 cloud-init: 2048 SHA256:09tLlnHLBuGVZekGzWiHMugNwwL60kVa+z1wjunGD9Y root@ubuntu-bionic (RSA)
<14>Oct  8 17:46:46 cloud-init: -----END SSH HOST KEY FINGERPRINTS-----
<14>Oct  8 17:46:46 cloud-init: #############################################################
-----BEGIN SSH HOST KEY KEYS-----
ecdsa-sha2-nistp256 AAAAE2VjZHNhLXNoYTItbmlzdHAyNTYAAAAIbmlzdHAyNTYAAABBBDi8wTJzSYZxJk3ZV9DJ49RbFOoEXCl7mVkByB8WD8SRMP99iU9Cxwo+tXiuBTu6BOUzqdw4N66ubJME0nnXZxE= root@ubuntu-bionic
ssh-ed25519 AAAAC3NzaC1lZDI1NTE5AAAAIJpyYRINT+ZVvTRq2VKN+oO4yFi6aVi5l/DvyOph6rWE root@ubuntu-bionic
ssh-rsa AAAAB3NzaC1yc2EAAAADAQABAAABAQDH5RYO1j5XFu6/Q9LmhKWApy4RbYZNLcTD2DfYejJYcHqM5zgsBThzYTo0e07obF+lcil4omHEGOsujJgvcmwQ0cnKcTOqTICBUlAWuaVf1FABmfPfvOodhIzy3ufYRb9keaPUVhuqrvR8FZuaOVNfZwk6i4m0Nlar+zZ2I14T5DiVbGvDYUS9UulsrVUol3aek1v7lrBXSmzynaFAunz3e4DpalnW5J8If8DWQvFCf1CdNX8iHDIRuF0RrhW5gwUi0bJ4HUkd/gzK9UEvY3/Yt8LISjRQiMCQtFVcnKzLky1Exs0aqTf+AQr7JBc2wJ1q+EnA+u3K4ETGThcnaNdt root@ubuntu-bionic
-----END SSH HOST KEY KEYS-----
[   25.869818] cloud-init[1622]: Cloud-init v. 22.2-0ubuntu1~18.04.3 running 'modules:final' at Sat, 08 Oct 2022 17:46:45 +0000. Up 25.26 seconds.
[   25.871937] cloud-init[1622]: Cloud-init v. 22.2-0ubuntu1~18.04.3 finished at Sat, 08 Oct 2022 17:46:46 +0000. Datasource DataSourceNoCloud [seed=/dev/sdb][dsmode=net].  Up 25.83 seconds
